<?xml version="1.0" encoding="UTF-8"?>
<testng-results ignored="0" total="0" passed="0" failed="0" skipped="0">
  <reporter-output>
  </reporter-output>
  <suite started-at="2024-01-10T20:13:53 EST" name="Default suite" finished-at="2024-01-10T20:13:53 EST" duration-ms="113">
    <groups>
      <group name="cucumber">
        <method signature="AbstractTestNGCucumberTests.runScenario(io.cucumber.testng.PickleWrapper,io.cucumber.testng.FeatureWrapper)[pri:0, instance:testrunner.runparallel@55b699ef]" name="runScenario" class="io.cucumber.testng.AbstractTestNGCucumberTests"/>
      </group> <!-- cucumber -->
    </groups>
    <test started-at="2024-01-10T20:13:53 EST" name="Default test" finished-at="2024-01-10T20:13:53 EST" duration-ms="113">
      <class name="testrunner.runparallel">
        <test-method is-config="true" signature="setUpClass(org.testng.ITestContext)[pri:0, instance:testrunner.runparallel@55b699ef]" started-at="2024-01-10T20:13:53 EST" name="setUpClass" finished-at="2024-01-10T20:13:53 EST" duration-ms="90" status="PASS">
          <params>
            <param index="0">
              <value>
                <![CDATA[org.testng.TestRunner@78452606]]>
              </value>
            </param>
          </params>
          <reporter-output>
          </reporter-output>
        </test-method> <!-- setUpClass -->
        <test-method is-config="true" signature="tearDownClass()[pri:0, instance:testrunner.runparallel@55b699ef]" started-at="2024-01-10T20:13:53 EST" name="tearDownClass" finished-at="2024-01-10T20:13:53 EST" duration-ms="3" status="PASS">
          <reporter-output>
          </reporter-output>
        </test-method> <!-- tearDownClass -->
      </class> <!-- testrunner.runparallel -->
    </test> <!-- Default test -->
  </suite> <!-- Default suite -->
</testng-results>
